<?xml version="1.0" encoding="UTF-8"?>
<testng-results skipped="0" failed="0" ignored="0" total="1" passed="1">
  <reporter-output>
  </reporter-output>
  <suite name="Default suite" duration-ms="91307" started-at="2017-07-14T19:41:03Z" finished-at="2017-07-14T19:42:35Z">
    <groups>
    </groups>
    <test name="Default test" duration-ms="91307" started-at="2017-07-14T19:41:03Z" finished-at="2017-07-14T19:42:35Z">
      <class name="com.TestCase.EMIS_TestCase">
        <test-method status="PASS" signature="invokeBrowser()[pri:0, instance:com.TestCase.EMIS_TestCase@6d78f375]" name="invokeBrowser" is-config="true" duration-ms="4251" started-at="2017-07-15T01:11:03Z" finished-at="2017-07-15T01:11:08Z">
          <reporter-output>
          </reporter-output>
        </test-method> <!-- invokeBrowser -->
        <test-method status="PASS" signature="homePageValidation()[pri:1, instance:com.TestCase.EMIS_TestCase@6d78f375]" name="homePageValidation" duration-ms="87016" started-at="2017-07-15T01:11:08Z" finished-at="2017-07-15T01:12:35Z">
          <reporter-output>
          </reporter-output>
        </test-method> <!-- homePageValidation -->
      </class> <!-- com.TestCase.EMIS_TestCase -->
    </test> <!-- Default test -->
  </suite> <!-- Default suite -->
</testng-results>
